<?xml version="1.0" encoding="UTF-8"?>
<testng-results skipped="0" failed="0" ignored="0" total="1" passed="1">
  <reporter-output>
  </reporter-output>
  <suite name="Default suite" duration-ms="45823" started-at="2019-09-06T10:38:57Z" finished-at="2019-09-06T10:39:43Z">
    <groups>
    </groups>
    <test name="Default test" duration-ms="45823" started-at="2019-09-06T10:38:57Z" finished-at="2019-09-06T10:39:43Z">
      <class name="com.training.sanity.tests.ForgotpassTestTC03">
        <test-method status="PASS" signature="setUpBeforeClass()[pri:0, instance:com.training.sanity.tests.ForgotpassTestTC03@457e2f02]" name="setUpBeforeClass" is-config="true" duration-ms="26" started-at="2019-09-06T16:08:57Z" finished-at="2019-09-06T16:08:57Z">
          <reporter-output>
          </reporter-output>
        </test-method> <!-- setUpBeforeClass -->
        <test-method status="PASS" signature="setUp()[pri:0, instance:com.training.sanity.tests.ForgotpassTestTC03@457e2f02]" name="setUp" is-config="true" duration-ms="22334" started-at="2019-09-06T16:08:57Z" finished-at="2019-09-06T16:09:19Z">
          <reporter-output>
          </reporter-output>
        </test-method> <!-- setUp -->
        <test-method status="PASS" signature="validForgotpassTestTC03()[pri:0, instance:com.training.sanity.tests.ForgotpassTestTC03@457e2f02]" name="validForgotpassTestTC03" duration-ms="19361" started-at="2019-09-06T16:09:19Z" finished-at="2019-09-06T16:09:39Z">
          <reporter-output>
          </reporter-output>
        </test-method> <!-- validForgotpassTestTC03 -->
        <test-method status="PASS" signature="tearDown()[pri:0, instance:com.training.sanity.tests.ForgotpassTestTC03@457e2f02]" name="tearDown" is-config="true" duration-ms="4023" started-at="2019-09-06T16:09:39Z" finished-at="2019-09-06T16:09:43Z">
          <reporter-output>
          </reporter-output>
        </test-method> <!-- tearDown -->
      </class> <!-- com.training.sanity.tests.ForgotpassTestTC03 -->
    </test> <!-- Default test -->
  </suite> <!-- Default suite -->
</testng-results>
